<?xml version="1.0" encoding="UTF-8"?>
<coverage generated="1676935022045" clover="3.2.0">
  <project timestamp="1676935022046" name="All files">
    <metrics statements="15" coveredstatements="15" conditionals="8" coveredconditionals="7" methods="5" coveredmethods="5" elements="28" coveredelements="27" complexity="0" loc="15" ncloc="15" packages="1" files="1" classes="1"/>
    <file name="crawl.js" path="C:\programacion\httpsCourse\craler\backend\crawl\crawl.js">
      <metrics statements="15" coveredstatements="15" conditionals="8" coveredconditionals="7" methods="5" coveredmethods="5"/>
      <line num="1" count="1" type="stmt"/>
      <line num="11" count="1" type="stmt"/>
      <line num="13" count="1" type="stmt"/>
      <line num="15" count="2" type="cond" truecount="1" falsecount="1"/>
      <line num="17" count="2" type="stmt"/>
      <line num="19" count="2" type="stmt"/>
      <line num="22" count="1" type="stmt"/>
      <line num="27" count="9" type="cond" truecount="2" falsecount="0"/>
      <line num="29" count="7" type="stmt"/>
      <line num="30" count="7" type="stmt"/>
      <line num="31" count="7" type="stmt"/>
      <line num="33" count="7" type="cond" truecount="4" falsecount="0"/>
      <line num="34" count="1" type="stmt"/>
      <line num="37" count="1" type="stmt"/>
      <line num="39" count="1" type="stmt"/>
    </file>
  </project>
</coverage>
