{"C:\\programacion\\httpsCourse\\craler\\backend\\crawl\\crawl.js": {"path":"C:\\programacion\\httpsCourse\\craler\\backend\\crawl\\crawl.js","statementMap":{"0":{"start":{"line":1,"column":22},"end":{"line":10,"column":3}},"1":{"start":{"line":11,"column":21},"end":{"line":11,"column":50}},"2":{"start":{"line":13,"column":24},"end":{"line":20,"column":1}},"3":{"start":{"line":15,"column":26},"end":{"line":15,"column":72}},"4":{"start":{"line":17,"column":21},"end":{"line":17,"column":85}},"5":{"start":{"line":17,"column":53},"end":{"line":17,"column":84}},"6":{"start":{"line":19,"column":2},"end":{"line":19,"column":34}},"7":{"start":{"line":22,"column":0},"end":{"line":22,"column":44}},"8":{"start":{"line":27,"column":2},"end":{"line":27,"column":107}},"9":{"start":{"line":27,"column":32},"end":{"line":27,"column":107}},"10":{"start":{"line":27,"column":62},"end":{"line":27,"column":79}},"11":{"start":{"line":27,"column":91},"end":{"line":27,"column":106}},"12":{"start":{"line":29,"column":24},"end":{"line":29,"column":42}},"13":{"start":{"line":30,"column":17},"end":{"line":30,"column":69}},"14":{"start":{"line":31,"column":2},"end":{"line":31,"column":23}},"15":{"start":{"line":33,"column":2},"end":{"line":33,"column":79}},"16":{"start":{"line":33,"column":53},"end":{"line":33,"column":79}},"17":{"start":{"line":34,"column":2},"end":{"line":34,"column":16}},"18":{"start":{"line":37,"column":0},"end":{"line":37,"column":43}},"19":{"start":{"line":39,"column":0},"end":{"line":42,"column":1}}},"fnMap":{"0":{"name":"(anonymous_0)","decl":{"start":{"line":13,"column":24},"end":{"line":13,"column":25}},"loc":{"start":{"line":13,"column":38},"end":{"line":20,"column":1}},"line":13},"1":{"name":"(anonymous_1)","decl":{"start":{"line":17,"column":41},"end":{"line":17,"column":42}},"loc":{"start":{"line":17,"column":53},"end":{"line":17,"column":84}},"line":17},"2":{"name":"normalizeURL","decl":{"start":{"line":25,"column":9},"end":{"line":25,"column":21}},"loc":{"start":{"line":25,"column":33},"end":{"line":35,"column":1}},"line":25},"3":{"name":"(anonymous_3)","decl":{"start":{"line":27,"column":53},"end":{"line":27,"column":54}},"loc":{"start":{"line":27,"column":62},"end":{"line":27,"column":79}},"line":27},"4":{"name":"(anonymous_4)","decl":{"start":{"line":27,"column":85},"end":{"line":27,"column":86}},"loc":{"start":{"line":27,"column":91},"end":{"line":27,"column":106}},"line":27}},"branchMap":{"0":{"loc":{"start":{"line":15,"column":26},"end":{"line":15,"column":72}},"type":"binary-expr","locations":[{"start":{"line":15,"column":26},"end":{"line":15,"column":66}},{"start":{"line":15,"column":70},"end":{"line":15,"column":72}}],"line":15},"1":{"loc":{"start":{"line":27,"column":2},"end":{"line":27,"column":107}},"type":"if","locations":[{"start":{"line":27,"column":2},"end":{"line":27,"column":107}},{"start":{},"end":{}}],"line":27},"2":{"loc":{"start":{"line":33,"column":2},"end":{"line":33,"column":79}},"type":"if","locations":[{"start":{"line":33,"column":2},"end":{"line":33,"column":79}},{"start":{},"end":{}}],"line":33},"3":{"loc":{"start":{"line":33,"column":6},"end":{"line":33,"column":51}},"type":"binary-expr","locations":[{"start":{"line":33,"column":6},"end":{"line":33,"column":23}},{"start":{"line":33,"column":27},"end":{"line":33,"column":51}}],"line":33}},"s":{"0":1,"1":1,"2":1,"3":2,"4":2,"5":2,"6":2,"7":1,"8":9,"9":2,"10":2,"11":2,"12":7,"13":7,"14":7,"15":7,"16":6,"17":1,"18":1,"19":1},"f":{"0":2,"1":2,"2":9,"3":2,"4":2},"b":{"0":[2,0],"1":[2,7],"2":[6,1],"3":[7,7]},"_coverageSchema":"1a1c01bbd47fc00a2c39e90264f33305004495a9","hash":"f81b8fd3aaf8ebae5130a6319ecde2ad7ab39852"}
}
