TN:
SF:backend\crawl\crawl.js
FN:13,(anonymous_0)
FN:17,(anonymous_1)
FN:25,normalizeURL
FN:27,(anonymous_3)
FN:27,(anonymous_4)
FNF:5
FNH:5
FNDA:2,(anonymous_0)
FNDA:2,(anonymous_1)
FNDA:9,normalizeURL
FNDA:2,(anonymous_3)
FNDA:2,(anonymous_4)
DA:1,1
DA:11,1
DA:13,1
DA:15,2
DA:17,2
DA:19,2
DA:22,1
DA:27,9
DA:29,7
DA:30,7
DA:31,7
DA:33,7
DA:34,1
DA:37,1
DA:39,1
LF:15
LH:15
BRDA:15,0,0,2
BRDA:15,0,1,0
BRDA:27,1,0,2
BRDA:27,1,1,7
BRDA:33,2,0,6
BRDA:33,2,1,1
BRDA:33,3,0,7
BRDA:33,3,1,7
BRF:8
BRH:7
end_of_record
